  AnimatedSprite.cpp
AnimatedSprite.cpp(90): warning C4018: '>=': signed/unsigned mismatch
  Asteroid.cpp
  AsteroidSpawner.cpp
AsteroidSpawner.cpp(8): warning C4244: '=': conversion from 'unsigned int' to 'float', possible loss of data
AsteroidSpawner.cpp(9): warning C4244: '=': conversion from 'unsigned int' to 'float', possible loss of data
AsteroidSpawner.cpp(10): warning C4244: 'argument': conversion from 'time_t' to 'unsigned int', possible loss of data
AsteroidSpawner.cpp(21): warning C4244: 'initializing': conversion from 'double' to 'float', possible loss of data
AsteroidSpawner.cpp(36): warning C4018: '<': signed/unsigned mismatch
AsteroidSpawner.cpp(48): warning C4018: '<': signed/unsigned mismatch
  Game.cpp
  GameObject.cpp
GameObject.cpp(26): warning C4244: '=': conversion from 'const int' to 'float', possible loss of data
GameObject.cpp(27): warning C4244: '=': conversion from 'const int' to 'float', possible loss of data
GameObject.cpp(29): warning C4244: 'argument': conversion from 'int' to 'float', possible loss of data
GameObject.cpp(43): warning C4244: '=': conversion from 'int' to 'float', possible loss of data
GameObject.cpp(44): warning C4244: '=': conversion from 'int' to 'float', possible loss of data
GameObject.cpp(58): warning C4244: '=': conversion from 'int' to 'float', possible loss of data
GameObject.cpp(59): warning C4244: '=': conversion from 'int' to 'float', possible loss of data
GameObject.cpp(118): warning C4244: 'argument': conversion from 'int' to 'float', possible loss of data
GameObject.cpp(120): warning C4244: 'argument': conversion from 'int' to 'float', possible loss of data
GameObject.cpp(125): warning C4244: 'argument': conversion from 'int' to 'float', possible loss of data
  Laser.cpp
  main.cpp
  MainMenu.cpp
  Player.cpp
Player.cpp(24): warning C4244: '/=': conversion from 'double' to 'float', possible loss of data
Player.cpp(25): warning C4244: '/=': conversion from 'double' to 'float', possible loss of data
  ScrollingBackground.cpp
ScrollingBackground.cpp(12): warning C4244: 'argument': conversion from 'const int' to 'float', possible loss of data
ScrollingBackground.cpp(30): warning C4244: 'argument': conversion from 'const int' to 'float', possible loss of data
ScrollingBackground.cpp(35): warning C4244: 'argument': conversion from 'const int' to 'float', possible loss of data
  SplashScreen.cpp
SplashScreen.cpp(11): warning C4244: 'initializing': conversion from 'float' to 'int', possible loss of data
SplashScreen.cpp(12): warning C4244: 'initializing': conversion from 'float' to 'int', possible loss of data
  Generating code
  5 of 337 functions ( 1.5%) were compiled, the rest were copied from previous compilation.
    0 functions were new in current compilation
    17 functions had inline decision re-evaluated but remain unchanged
  Finished generating code
  AsteroidEvaders.vcxproj -> D:\Jonathan_Segal\Documents\GitHub\AsteroidEvaders2\AsteroidEvaders\Release\AsteroidEvaders.exe
  AsteroidEvaders.vcxproj -> D:\Jonathan_Segal\Documents\GitHub\AsteroidEvaders2\AsteroidEvaders\Release\AsteroidEvaders.pdb (Full PDB)
